# JRE version: OpenJDK Runtime Environment (8.0_242-b01) (build 1.8.0_242-release-1644-b01)
# Java VM: OpenJDK 64-Bit Server VM (25.242-b01 mixed mode windows-amd64 compressed oops)
Heap:
 PSYoungGen      total 288256K, used 187130K [0x00000000d5580000, 0x00000000ea680000, 0x0000000100000000)
  eden space 246784K, 59% used [0x00000000d5580000,0x00000000de3c3a40,0x00000000e4680000)
  from space 41472K, 99% used [0x00000000e4680000,0x00000000e6efb088,0x00000000e6f00000)
  to   space 26112K, 0% used [0x00000000e6f00000,0x00000000e6f00000,0x00000000e8880000)
 ParOldGen       total 205824K, used 150264K [0x0000000080000000, 0x000000008c900000, 0x00000000d5580000)
  object space 205824K, 73% used [0x0000000080000000,0x00000000892be360,0x000000008c900000)
 Metaspace       used 75859K, capacity 79710K, committed 79896K, reserved 1118208K
  class space    used 10477K, capacity 11219K, committed 11304K, reserved 1048576K
GC Heap History (10 events):
Event: 14.495 GC heap before
{Heap before GC invocations=12 (full 2):
 PSYoungGen      total 195584K, used 92516K [0x00000000d5580000, 0x00000000e4e00000, 0x0000000100000000)
  eden space 183808K, 43% used [0x00000000d5580000,0x00000000da45bd98,0x00000000e0900000)
  from space 11776K, 99% used [0x00000000e0900000,0x00000000e147d320,0x00000000e1480000)
  to   space 17920K, 0% used [0x00000000e3c80000,0x00000000e3c80000,0x00000000e4e00000)
 ParOldGen       total 134144K, used 27612K [0x0000000080000000, 0x0000000088300000, 0x00000000d5580000)
  object space 134144K, 20% used [0x0000000080000000,0x0000000081af71f8,0x0000000088300000)
 Metaspace       used 56563K, capacity 58912K, committed 59160K, reserved 1099776K
  class space    used 7730K, capacity 8202K, committed 8232K, reserved 1048576K
Event: 14.524 GC heap after
Heap after GC invocations=12 (full 2):
 PSYoungGen      total 235008K, used 16249K [0x00000000d5580000, 0x00000000e6880000, 0x0000000100000000)
  eden space 217088K, 0% used [0x00000000d5580000,0x00000000d5580000,0x00000000e2980000)
  from space 17920K, 90% used [0x00000000e3c80000,0x00000000e4c5e7c8,0x00000000e4e00000)
  to   space 19456K, 0% used [0x00000000e2980000,0x00000000e2980000,0x00000000e3c80000)
 ParOldGen       total 134144K, used 31354K [0x0000000080000000, 0x0000000088300000, 0x00000000d5580000)
  object space 134144K, 23% used [0x0000000080000000,0x0000000081e9ead8,0x0000000088300000)
 Metaspace       used 56563K, capacity 58912K, committed 59160K, reserved 1099776K
  class space    used 7730K, capacity 8202K, committed 8232K, reserved 1048576K
}
Event: 14.524 GC heap before
{Heap before GC invocations=13 (full 3):
 PSYoungGen      total 235008K, used 16249K [0x00000000d5580000, 0x00000000e6880000, 0x0000000100000000)
  eden space 217088K, 0% used [0x00000000d5580000,0x00000000d5580000,0x00000000e2980000)
  from space 17920K, 90% used [0x00000000e3c80000,0x00000000e4c5e7c8,0x00000000e4e00000)
  to   space 19456K, 0% used [0x00000000e2980000,0x00000000e2980000,0x00000000e3c80000)
 ParOldGen       total 134144K, used 31354K [0x0000000080000000, 0x0000000088300000, 0x00000000d5580000)
  object space 134144K, 23% used [0x0000000080000000,0x0000000081e9ead8,0x0000000088300000)
 Metaspace       used 56563K, capacity 58912K, committed 59160K, reserved 1099776K
  class space    used 7730K, capacity 8202K, committed 8232K, reserved 1048576K
Event: 14.881 GC heap after
Heap after GC invocations=13 (full 3):
 PSYoungGen      total 235008K, used 0K [0x00000000d5580000, 0x00000000e6880000, 0x0000000100000000)
  eden space 217088K, 0% used [0x00000000d5580000,0x00000000d5580000,0x00000000e2980000)
  from space 17920K, 0% used [0x00000000e3c80000,0x00000000e3c80000,0x00000000e4e00000)
  to   space 19456K, 0% used [0x00000000e2980000,0x00000000e2980000,0x00000000e3c80000)
 ParOldGen       total 205824K, used 35380K [0x0000000080000000, 0x000000008c900000, 0x00000000d5580000)
  object space 205824K, 17% used [0x0000000080000000,0x000000008228d368,0x000000008c900000)
 Metaspace       used 56538K, capacity 58828K, committed 59160K, reserved 1099776K
  class space    used 7722K, capacity 8188K, committed 8232K, reserved 1048576K
}
Event: 19.482 GC heap before
{Heap before GC invocations=14 (full 3):
 PSYoungGen      total 235008K, used 217088K [0x00000000d5580000, 0x00000000e6880000, 0x0000000100000000)
  eden space 217088K, 100% used [0x00000000d5580000,0x00000000e2980000,0x00000000e2980000)
  from space 17920K, 0% used [0x00000000e3c80000,0x00000000e3c80000,0x00000000e4e00000)
  to   space 19456K, 0% used [0x00000000e2980000,0x00000000e2980000,0x00000000e3c80000)
 ParOldGen       total 205824K, used 35380K [0x0000000080000000, 0x000000008c900000, 0x00000000d5580000)
  object space 205824K, 17% used [0x0000000080000000,0x000000008228d368,0x000000008c900000)
 Metaspace       used 65278K, capacity 68366K, committed 68504K, reserved 1107968K
  class space    used 8999K, capacity 9615K, committed 9640K, reserved 1048576K
Event: 19.520 GC heap after
Heap after GC invocations=14 (full 3):
 PSYoungGen      total 236544K, used 19437K [0x00000000d5580000, 0x00000000e8880000, 0x0000000100000000)
  eden space 217088K, 0% used [0x00000000d5580000,0x00000000d5580000,0x00000000e2980000)
  from space 19456K, 99% used [0x00000000e2980000,0x00000000e3c7b618,0x00000000e3c80000)
  to   space 26112K, 0% used [0x00000000e6f00000,0x00000000e6f00000,0x00000000e8880000)
 ParOldGen       total 205824K, used 46910K [0x0000000080000000, 0x000000008c900000, 0x00000000d5580000)
  object space 205824K, 22% used [0x0000000080000000,0x0000000082dcf808,0x000000008c900000)
 Metaspace       used 65278K, capacity 68366K, committed 68504K, reserved 1107968K
  class space    used 8999K, capacity 9615K, committed 9640K, reserved 1048576K
}
Event: 22.129 GC heap before
{Heap before GC invocations=15 (full 3):
 PSYoungGen      total 236544K, used 236525K [0x00000000d5580000, 0x00000000e8880000, 0x0000000100000000)
  eden space 217088K, 100% used [0x00000000d5580000,0x00000000e2980000,0x00000000e2980000)
  from space 19456K, 99% used [0x00000000e2980000,0x00000000e3c7b618,0x00000000e3c80000)
  to   space 26112K, 0% used [0x00000000e6f00000,0x00000000e6f00000,0x00000000e8880000)
 ParOldGen       total 205824K, used 46910K [0x0000000080000000, 0x000000008c900000, 0x00000000d5580000)
  object space 205824K, 22% used [0x0000000080000000,0x0000000082dcf808,0x000000008c900000)
 Metaspace       used 68999K, capacity 72382K, committed 72600K, reserved 1112064K
  class space    used 9504K, capacity 10139K, committed 10152K, reserved 1048576K
Event: 22.169 GC heap after
Heap after GC invocations=15 (full 3):
 PSYoungGen      total 272896K, used 26102K [0x00000000d5580000, 0x00000000ea680000, 0x0000000100000000)
  eden space 246784K, 0% used [0x00000000d5580000,0x00000000d5580000,0x00000000e4680000)
  from space 26112K, 99% used [0x00000000e6f00000,0x00000000e887dbf8,0x00000000e8880000)
  to   space 41472K, 0% used [0x00000000e4680000,0x00000000e4680000,0x00000000e6f00000)
 ParOldGen       total 205824K, used 79046K [0x0000000080000000, 0x000000008c900000, 0x00000000d5580000)
  object space 205824K, 38% used [0x0000000080000000,0x0000000084d319d8,0x000000008c900000)
 Metaspace       used 68999K, capacity 72382K, committed 72600K, reserved 1112064K
  class space    used 9504K, capacity 10139K, committed 10152K, reserved 1048576K
}
Event: 23.971 GC heap before
{Heap before GC invocations=16 (full 3):
 PSYoungGen      total 272896K, used 272886K [0x00000000d5580000, 0x00000000ea680000, 0x0000000100000000)
  eden space 246784K, 100% used [0x00000000d5580000,0x00000000e4680000,0x00000000e4680000)
  from space 26112K, 99% used [0x00000000e6f00000,0x00000000e887dbf8,0x00000000e8880000)
  to   space 41472K, 0% used [0x00000000e4680000,0x00000000e4680000,0x00000000e6f00000)
 ParOldGen       total 205824K, used 79046K [0x0000000080000000, 0x000000008c900000, 0x00000000d5580000)
  object space 205824K, 38% used [0x0000000080000000,0x0000000084d319d8,0x000000008c900000)
 Metaspace       used 74153K, capacity 77762K, committed 78104K, reserved 1116160K
  class space    used 10265K, capacity 10927K, committed 11048K, reserved 1048576K
Event: 24.179 GC heap after
Heap after GC invocations=16 (full 3):
 PSYoungGen      total 288256K, used 41452K [0x00000000d5580000, 0x00000000ea680000, 0x0000000100000000)
  eden space 246784K, 0% used [0x00000000d5580000,0x00000000d5580000,0x00000000e4680000)
  from space 41472K, 99% used [0x00000000e4680000,0x00000000e6efb088,0x00000000e6f00000)
  to   space 26112K, 0% used [0x00000000e6f00000,0x00000000e6f00000,0x00000000e8880000)
 ParOldGen       total 205824K, used 150264K [0x0000000080000000, 0x000000008c900000, 0x00000000d5580000)
  object space 205824K, 73% used [0x0000000080000000,0x00000000892be360,0x000000008c900000)
 Metaspace       used 74153K, capacity 77762K, committed 78104K, reserved 1116160K
  class space    used 10265K, capacity 10927K, committed 11048K, reserved 1048576K
}

